<?xml version="1.0" encoding="UTF-8"?>
<testng-results ignored="0" total="1" passed="1" failed="0" skipped="0">
  <reporter-output>
  </reporter-output>
  <suite started-at="2026-05-19T10:01:12 IST" name="Surefire suite" finished-at="2026-05-19T10:01:22 IST" duration-ms="9991">
    <groups>
    </groups>
    <test started-at="2026-05-19T10:01:12 IST" name="Surefire test" finished-at="2026-05-19T10:01:22 IST" duration-ms="9991">
      <class name="test1.DemoTest">
        <test-method signature="launch()[pri:0, instance:test1.DemoTest@226a82c4]" started-at="2026-05-19T10:01:12 IST" name="launch" finished-at="2026-05-19T10:01:22 IST" duration-ms="9855" status="PASS">
          <reporter-output>
          </reporter-output>
        </test-method> <!-- launch -->
      </class> <!-- test1.DemoTest -->
    </test> <!-- Surefire test -->
  </suite> <!-- Surefire suite -->
</testng-results>
